<?xml version="1.0" encoding="UTF-8"?>
<testsuite xmlns:xsi="http://www.w3.org/2001/XMLSchema-instance" xsi:noNamespaceSchemaLocation="https://maven.apache.org/surefire/maven-surefire-plugin/xsd/surefire-test-report.xsd" name="com.ghjun.AppTest" time="0.03" tests="1" errors="0" skipped="0" failures="0">
  <properties>
    <property name="sun.desktop" value="gnome"/>
    <property name="awt.toolkit" value="sun.awt.X11.XToolkit"/>
    <property name="file.encoding.pkg" value="sun.io"/>
    <property name="java.specification.version" value="1.8"/>
    <property name="sun.cpu.isalist" value=""/>
    <property name="sun.jnu.encoding" value="UTF-8"/>
    <property name="java.class.path" value="/home/ghjun/code/clouddemo/spring-cloud-consul-producer/target/test-classes:/home/ghjun/code/clouddemo/spring-cloud-consul-producer/target/classes:/home/ghjun/Maven/org/springframework/boot/spring-boot-starter-actuator/2.1.5.RELEASE/spring-boot-starter-actuator-2.1.5.RELEASE.jar:/home/ghjun/Maven/org/springframework/boot/spring-boot-starter/2.1.5.RELEASE/spring-boot-starter-2.1.5.RELEASE.jar:/home/ghjun/Maven/org/springframework/boot/spring-boot/2.1.5.RELEASE/spring-boot-2.1.5.RELEASE.jar:/home/ghjun/Maven/org/springframework/boot/spring-boot-autoconfigure/2.1.5.RELEASE/spring-boot-autoconfigure-2.1.5.RELEASE.jar:/home/ghjun/Maven/org/springframework/boot/spring-boot-starter-logging/2.1.5.RELEASE/spring-boot-starter-logging-2.1.5.RELEASE.jar:/home/ghjun/Maven/ch/qos/logback/logback-classic/1.2.3/logback-classic-1.2.3.jar:/home/ghjun/Maven/ch/qos/logback/logback-core/1.2.3/logback-core-1.2.3.jar:/home/ghjun/Maven/org/apache/logging/log4j/log4j-to-slf4j/2.11.2/log4j-to-slf4j-2.11.2.jar:/home/ghjun/Maven/org/apache/logging/log4j/log4j-api/2.11.2/log4j-api-2.11.2.jar:/home/ghjun/Maven/org/slf4j/jul-to-slf4j/1.7.26/jul-to-slf4j-1.7.26.jar:/home/ghjun/Maven/javax/annotation/javax.annotation-api/1.3.2/javax.annotation-api-1.3.2.jar:/home/ghjun/Maven/org/yaml/snakeyaml/1.23/snakeyaml-1.23.jar:/home/ghjun/Maven/org/springframework/boot/spring-boot-actuator-autoconfigure/2.1.5.RELEASE/spring-boot-actuator-autoconfigure-2.1.5.RELEASE.jar:/home/ghjun/Maven/org/springframework/boot/spring-boot-actuator/2.1.5.RELEASE/spring-boot-actuator-2.1.5.RELEASE.jar:/home/ghjun/Maven/com/fasterxml/jackson/core/jackson-databind/2.9.8/jackson-databind-2.9.8.jar:/home/ghjun/Maven/com/fasterxml/jackson/core/jackson-annotations/2.9.0/jackson-annotations-2.9.0.jar:/home/ghjun/Maven/com/fasterxml/jackson/core/jackson-core/2.9.8/jackson-core-2.9.8.jar:/home/ghjun/Maven/org/springframework/spring-context/5.1.7.RELEASE/spring-context-5.1.7.RELEASE.jar:/home/ghjun/Maven/com/fasterxml/jackson/datatype/jackson-datatype-jsr310/2.9.8/jackson-datatype-jsr310-2.9.8.jar:/home/ghjun/Maven/io/micrometer/micrometer-core/1.1.4/micrometer-core-1.1.4.jar:/home/ghjun/Maven/org/hdrhistogram/HdrHistogram/2.1.9/HdrHistogram-2.1.9.jar:/home/ghjun/Maven/org/latencyutils/LatencyUtils/2.0.3/LatencyUtils-2.0.3.jar:/home/ghjun/Maven/org/springframework/cloud/spring-cloud-starter-consul-discovery/2.1.1.RELEASE/spring-cloud-starter-consul-discovery-2.1.1.RELEASE.jar:/home/ghjun/Maven/org/springframework/cloud/spring-cloud-starter-consul/2.1.1.RELEASE/spring-cloud-starter-consul-2.1.1.RELEASE.jar:/home/ghjun/Maven/org/springframework/cloud/spring-cloud-commons/2.1.1.RELEASE/spring-cloud-commons-2.1.1.RELEASE.jar:/home/ghjun/Maven/org/springframework/security/spring-security-crypto/5.1.5.RELEASE/spring-security-crypto-5.1.5.RELEASE.jar:/home/ghjun/Maven/org/springframework/cloud/spring-cloud-context/2.1.1.RELEASE/spring-cloud-context-2.1.1.RELEASE.jar:/home/ghjun/Maven/org/springframework/cloud/spring-cloud-consul-core/2.1.1.RELEASE/spring-cloud-consul-core-2.1.1.RELEASE.jar:/home/ghjun/Maven/com/ecwid/consul/consul-api/1.4.1/consul-api-1.4.1.jar:/home/ghjun/Maven/com/google/code/gson/gson/2.8.5/gson-2.8.5.jar:/home/ghjun/Maven/org/apache/httpcomponents/httpclient/4.5.8/httpclient-4.5.8.jar:/home/ghjun/Maven/commons-codec/commons-codec/1.11/commons-codec-1.11.jar:/home/ghjun/Maven/org/apache/httpcomponents/httpcore/4.4.11/httpcore-4.4.11.jar:/home/ghjun/Maven/org/springframework/cloud/spring-cloud-consul-discovery/2.1.1.RELEASE/spring-cloud-consul-discovery-2.1.1.RELEASE.jar:/home/ghjun/Maven/commons-configuration/commons-configuration/1.8/commons-configuration-1.8.jar:/home/ghjun/Maven/commons-lang/commons-lang/2.6/commons-lang-2.6.jar:/home/ghjun/Maven/org/springframework/cloud/spring-cloud-netflix-core/2.1.1.RELEASE/spring-cloud-netflix-core-2.1.1.RELEASE.jar:/home/ghjun/Maven/org/springframework/cloud/spring-cloud-netflix-hystrix/2.1.1.RELEASE/spring-cloud-netflix-hystrix-2.1.1.RELEASE.jar:/home/ghjun/Maven/org/springframework/boot/spring-boot-starter-aop/2.1.5.RELEASE/spring-boot-starter-aop-2.1.5.RELEASE.jar:/home/ghjun/Maven/org/aspectj/aspectjweaver/1.9.4/aspectjweaver-1.9.4.jar:/home/ghjun/Maven/org/springframework/cloud/spring-cloud-starter-netflix-ribbon/2.1.1.RELEASE/spring-cloud-starter-netflix-ribbon-2.1.1.RELEASE.jar:/home/ghjun/Maven/org/springframework/cloud/spring-cloud-starter/2.1.1.RELEASE/spring-cloud-starter-2.1.1.RELEASE.jar:/home/ghjun/Maven/org/springframework/security/spring-security-rsa/1.0.7.RELEASE/spring-security-rsa-1.0.7.RELEASE.jar:/home/ghjun/Maven/org/bouncycastle/bcpkix-jdk15on/1.60/bcpkix-jdk15on-1.60.jar:/home/ghjun/Maven/org/bouncycastle/bcprov-jdk15on/1.60/bcprov-jdk15on-1.60.jar:/home/ghjun/Maven/org/springframework/cloud/spring-cloud-netflix-ribbon/2.1.1.RELEASE/spring-cloud-netflix-ribbon-2.1.1.RELEASE.jar:/home/ghjun/Maven/org/springframework/cloud/spring-cloud-netflix-archaius/2.1.1.RELEASE/spring-cloud-netflix-archaius-2.1.1.RELEASE.jar:/home/ghjun/Maven/org/springframework/cloud/spring-cloud-starter-netflix-archaius/2.1.1.RELEASE/spring-cloud-starter-netflix-archaius-2.1.1.RELEASE.jar:/home/ghjun/Maven/com/netflix/archaius/archaius-core/0.7.6/archaius-core-0.7.6.jar:/home/ghjun/Maven/com/google/code/findbugs/jsr305/3.0.1/jsr305-3.0.1.jar:/home/ghjun/Maven/com/netflix/ribbon/ribbon/2.3.0/ribbon-2.3.0.jar:/home/ghjun/Maven/com/netflix/ribbon/ribbon-transport/2.3.0/ribbon-transport-2.3.0.jar:/home/ghjun/Maven/io/reactivex/rxnetty-contexts/0.4.9/rxnetty-contexts-0.4.9.jar:/home/ghjun/Maven/io/reactivex/rxnetty-servo/0.4.9/rxnetty-servo-0.4.9.jar:/home/ghjun/Maven/com/netflix/hystrix/hystrix-core/1.5.18/hystrix-core-1.5.18.jar:/home/ghjun/Maven/javax/inject/javax.inject/1/javax.inject-1.jar:/home/ghjun/Maven/io/reactivex/rxnetty/0.4.9/rxnetty-0.4.9.jar:/home/ghjun/Maven/com/google/guava/guava/16.0.1/guava-16.0.1.jar:/home/ghjun/Maven/com/netflix/ribbon/ribbon-core/2.3.0/ribbon-core-2.3.0.jar:/home/ghjun/Maven/com/netflix/ribbon/ribbon-httpclient/2.3.0/ribbon-httpclient-2.3.0.jar:/home/ghjun/Maven/commons-collections/commons-collections/3.2.2/commons-collections-3.2.2.jar:/home/ghjun/Maven/com/sun/jersey/jersey-client/1.19.1/jersey-client-1.19.1.jar:/home/ghjun/Maven/com/sun/jersey/jersey-core/1.19.1/jersey-core-1.19.1.jar:/home/ghjun/Maven/javax/ws/rs/jsr311-api/1.1.1/jsr311-api-1.1.1.jar:/home/ghjun/Maven/com/sun/jersey/contribs/jersey-apache-client4/1.19.1/jersey-apache-client4-1.19.1.jar:/home/ghjun/Maven/com/netflix/servo/servo-core/0.12.21/servo-core-0.12.21.jar:/home/ghjun/Maven/com/netflix/netflix-commons/netflix-commons-util/0.3.0/netflix-commons-util-0.3.0.jar:/home/ghjun/Maven/com/netflix/ribbon/ribbon-loadbalancer/2.3.0/ribbon-loadbalancer-2.3.0.jar:/home/ghjun/Maven/com/netflix/netflix-commons/netflix-statistics/0.1.1/netflix-statistics-0.1.1.jar:/home/ghjun/Maven/io/reactivex/rxjava/1.3.8/rxjava-1.3.8.jar:/home/ghjun/Maven/joda-time/joda-time/2.10.2/joda-time-2.10.2.jar:/home/ghjun/Maven/org/springframework/boot/spring-boot-starter-web/2.1.5.RELEASE/spring-boot-starter-web-2.1.5.RELEASE.jar:/home/ghjun/Maven/org/springframework/boot/spring-boot-starter-json/2.1.5.RELEASE/spring-boot-starter-json-2.1.5.RELEASE.jar:/home/ghjun/Maven/com/fasterxml/jackson/datatype/jackson-datatype-jdk8/2.9.8/jackson-datatype-jdk8-2.9.8.jar:/home/ghjun/Maven/com/fasterxml/jackson/module/jackson-module-parameter-names/2.9.8/jackson-module-parameter-names-2.9.8.jar:/home/ghjun/Maven/org/springframework/boot/spring-boot-starter-tomcat/2.1.5.RELEASE/spring-boot-starter-tomcat-2.1.5.RELEASE.jar:/home/ghjun/Maven/org/apache/tomcat/embed/tomcat-embed-core/9.0.19/tomcat-embed-core-9.0.19.jar:/home/ghjun/Maven/org/apache/tomcat/embed/tomcat-embed-el/9.0.19/tomcat-embed-el-9.0.19.jar:/home/ghjun/Maven/org/apache/tomcat/embed/tomcat-embed-websocket/9.0.19/tomcat-embed-websocket-9.0.19.jar:/home/ghjun/Maven/org/hibernate/validator/hibernate-validator/6.0.16.Final/hibernate-validator-6.0.16.Final.jar:/home/ghjun/Maven/javax/validation/validation-api/2.0.1.Final/validation-api-2.0.1.Final.jar:/home/ghjun/Maven/org/jboss/logging/jboss-logging/3.3.2.Final/jboss-logging-3.3.2.Final.jar:/home/ghjun/Maven/com/fasterxml/classmate/1.4.0/classmate-1.4.0.jar:/home/ghjun/Maven/org/springframework/spring-web/5.1.7.RELEASE/spring-web-5.1.7.RELEASE.jar:/home/ghjun/Maven/org/springframework/spring-beans/5.1.7.RELEASE/spring-beans-5.1.7.RELEASE.jar:/home/ghjun/Maven/org/springframework/spring-webmvc/5.1.7.RELEASE/spring-webmvc-5.1.7.RELEASE.jar:/home/ghjun/Maven/org/springframework/spring-aop/5.1.7.RELEASE/spring-aop-5.1.7.RELEASE.jar:/home/ghjun/Maven/org/springframework/spring-expression/5.1.7.RELEASE/spring-expression-5.1.7.RELEASE.jar:/home/ghjun/Maven/org/springframework/boot/spring-boot-starter-test/2.1.5.RELEASE/spring-boot-starter-test-2.1.5.RELEASE.jar:/home/ghjun/Maven/org/springframework/boot/spring-boot-test/2.1.5.RELEASE/spring-boot-test-2.1.5.RELEASE.jar:/home/ghjun/Maven/org/springframework/boot/spring-boot-test-autoconfigure/2.1.5.RELEASE/spring-boot-test-autoconfigure-2.1.5.RELEASE.jar:/home/ghjun/Maven/com/jayway/jsonpath/json-path/2.4.0/json-path-2.4.0.jar:/home/ghjun/Maven/net/minidev/json-smart/2.3/json-smart-2.3.jar:/home/ghjun/Maven/net/minidev/accessors-smart/1.2/accessors-smart-1.2.jar:/home/ghjun/Maven/org/ow2/asm/asm/5.0.4/asm-5.0.4.jar:/home/ghjun/Maven/org/slf4j/slf4j-api/1.7.26/slf4j-api-1.7.26.jar:/home/ghjun/Maven/org/assertj/assertj-core/3.11.1/assertj-core-3.11.1.jar:/home/ghjun/Maven/org/mockito/mockito-core/2.23.4/mockito-core-2.23.4.jar:/home/ghjun/Maven/net/bytebuddy/byte-buddy/1.9.12/byte-buddy-1.9.12.jar:/home/ghjun/Maven/net/bytebuddy/byte-buddy-agent/1.9.12/byte-buddy-agent-1.9.12.jar:/home/ghjun/Maven/org/objenesis/objenesis/2.6/objenesis-2.6.jar:/home/ghjun/Maven/org/hamcrest/hamcrest-core/1.3/hamcrest-core-1.3.jar:/home/ghjun/Maven/org/hamcrest/hamcrest-library/1.3/hamcrest-library-1.3.jar:/home/ghjun/Maven/org/skyscreamer/jsonassert/1.5.0/jsonassert-1.5.0.jar:/home/ghjun/Maven/com/vaadin/external/google/android-json/0.0.20131108.vaadin1/android-json-0.0.20131108.vaadin1.jar:/home/ghjun/Maven/org/springframework/spring-core/5.1.7.RELEASE/spring-core-5.1.7.RELEASE.jar:/home/ghjun/Maven/org/springframework/spring-jcl/5.1.7.RELEASE/spring-jcl-5.1.7.RELEASE.jar:/home/ghjun/Maven/org/springframework/spring-test/5.1.7.RELEASE/spring-test-5.1.7.RELEASE.jar:/home/ghjun/Maven/org/xmlunit/xmlunit-core/2.6.2/xmlunit-core-2.6.2.jar:/home/ghjun/Maven/junit/junit/4.12/junit-4.12.jar:"/>
    <property name="java.vm.vendor" value="Oracle Corporation"/>
    <property name="sun.arch.data.model" value="64"/>
    <property name="java.vendor.url" value="http://java.oracle.com/"/>
    <property name="user.timezone" value=""/>
    <property name="java.vm.specification.version" value="1.8"/>
    <property name="os.name" value="Linux"/>
    <property name="user.country" value="CN"/>
    <property name="sun.java.launcher" value="SUN_STANDARD"/>
    <property name="sun.boot.library.path" value="/usr/java/jdk1.8.0_201/jre/lib/amd64"/>
    <property name="sun.java.command" value="/home/ghjun/code/clouddemo/spring-cloud-consul-producer/target/surefire/surefirebooter4079356922744946821.jar /home/ghjun/code/clouddemo/spring-cloud-consul-producer/target/surefire 2019-05-16T15-06-27_880-jvmRun1 surefire6122577840563061904tmp surefire_09120718623537799087tmp"/>
    <property name="surefire.test.class.path" value="/home/ghjun/code/clouddemo/spring-cloud-consul-producer/target/test-classes:/home/ghjun/code/clouddemo/spring-cloud-consul-producer/target/classes:/home/ghjun/Maven/org/springframework/boot/spring-boot-starter-actuator/2.1.5.RELEASE/spring-boot-starter-actuator-2.1.5.RELEASE.jar:/home/ghjun/Maven/org/springframework/boot/spring-boot-starter/2.1.5.RELEASE/spring-boot-starter-2.1.5.RELEASE.jar:/home/ghjun/Maven/org/springframework/boot/spring-boot/2.1.5.RELEASE/spring-boot-2.1.5.RELEASE.jar:/home/ghjun/Maven/org/springframework/boot/spring-boot-autoconfigure/2.1.5.RELEASE/spring-boot-autoconfigure-2.1.5.RELEASE.jar:/home/ghjun/Maven/org/springframework/boot/spring-boot-starter-logging/2.1.5.RELEASE/spring-boot-starter-logging-2.1.5.RELEASE.jar:/home/ghjun/Maven/ch/qos/logback/logback-classic/1.2.3/logback-classic-1.2.3.jar:/home/ghjun/Maven/ch/qos/logback/logback-core/1.2.3/logback-core-1.2.3.jar:/home/ghjun/Maven/org/apache/logging/log4j/log4j-to-slf4j/2.11.2/log4j-to-slf4j-2.11.2.jar:/home/ghjun/Maven/org/apache/logging/log4j/log4j-api/2.11.2/log4j-api-2.11.2.jar:/home/ghjun/Maven/org/slf4j/jul-to-slf4j/1.7.26/jul-to-slf4j-1.7.26.jar:/home/ghjun/Maven/javax/annotation/javax.annotation-api/1.3.2/javax.annotation-api-1.3.2.jar:/home/ghjun/Maven/org/yaml/snakeyaml/1.23/snakeyaml-1.23.jar:/home/ghjun/Maven/org/springframework/boot/spring-boot-actuator-autoconfigure/2.1.5.RELEASE/spring-boot-actuator-autoconfigure-2.1.5.RELEASE.jar:/home/ghjun/Maven/org/springframework/boot/spring-boot-actuator/2.1.5.RELEASE/spring-boot-actuator-2.1.5.RELEASE.jar:/home/ghjun/Maven/com/fasterxml/jackson/core/jackson-databind/2.9.8/jackson-databind-2.9.8.jar:/home/ghjun/Maven/com/fasterxml/jackson/core/jackson-annotations/2.9.0/jackson-annotations-2.9.0.jar:/home/ghjun/Maven/com/fasterxml/jackson/core/jackson-core/2.9.8/jackson-core-2.9.8.jar:/home/ghjun/Maven/org/springframework/spring-context/5.1.7.RELEASE/spring-context-5.1.7.RELEASE.jar:/home/ghjun/Maven/com/fasterxml/jackson/datatype/jackson-datatype-jsr310/2.9.8/jackson-datatype-jsr310-2.9.8.jar:/home/ghjun/Maven/io/micrometer/micrometer-core/1.1.4/micrometer-core-1.1.4.jar:/home/ghjun/Maven/org/hdrhistogram/HdrHistogram/2.1.9/HdrHistogram-2.1.9.jar:/home/ghjun/Maven/org/latencyutils/LatencyUtils/2.0.3/LatencyUtils-2.0.3.jar:/home/ghjun/Maven/org/springframework/cloud/spring-cloud-starter-consul-discovery/2.1.1.RELEASE/spring-cloud-starter-consul-discovery-2.1.1.RELEASE.jar:/home/ghjun/Maven/org/springframework/cloud/spring-cloud-starter-consul/2.1.1.RELEASE/spring-cloud-starter-consul-2.1.1.RELEASE.jar:/home/ghjun/Maven/org/springframework/cloud/spring-cloud-commons/2.1.1.RELEASE/spring-cloud-commons-2.1.1.RELEASE.jar:/home/ghjun/Maven/org/springframework/security/spring-security-crypto/5.1.5.RELEASE/spring-security-crypto-5.1.5.RELEASE.jar:/home/ghjun/Maven/org/springframework/cloud/spring-cloud-context/2.1.1.RELEASE/spring-cloud-context-2.1.1.RELEASE.jar:/home/ghjun/Maven/org/springframework/cloud/spring-cloud-consul-core/2.1.1.RELEASE/spring-cloud-consul-core-2.1.1.RELEASE.jar:/home/ghjun/Maven/com/ecwid/consul/consul-api/1.4.1/consul-api-1.4.1.jar:/home/ghjun/Maven/com/google/code/gson/gson/2.8.5/gson-2.8.5.jar:/home/ghjun/Maven/org/apache/httpcomponents/httpclient/4.5.8/httpclient-4.5.8.jar:/home/ghjun/Maven/commons-codec/commons-codec/1.11/commons-codec-1.11.jar:/home/ghjun/Maven/org/apache/httpcomponents/httpcore/4.4.11/httpcore-4.4.11.jar:/home/ghjun/Maven/org/springframework/cloud/spring-cloud-consul-discovery/2.1.1.RELEASE/spring-cloud-consul-discovery-2.1.1.RELEASE.jar:/home/ghjun/Maven/commons-configuration/commons-configuration/1.8/commons-configuration-1.8.jar:/home/ghjun/Maven/commons-lang/commons-lang/2.6/commons-lang-2.6.jar:/home/ghjun/Maven/org/springframework/cloud/spring-cloud-netflix-core/2.1.1.RELEASE/spring-cloud-netflix-core-2.1.1.RELEASE.jar:/home/ghjun/Maven/org/springframework/cloud/spring-cloud-netflix-hystrix/2.1.1.RELEASE/spring-cloud-netflix-hystrix-2.1.1.RELEASE.jar:/home/ghjun/Maven/org/springframework/boot/spring-boot-starter-aop/2.1.5.RELEASE/spring-boot-starter-aop-2.1.5.RELEASE.jar:/home/ghjun/Maven/org/aspectj/aspectjweaver/1.9.4/aspectjweaver-1.9.4.jar:/home/ghjun/Maven/org/springframework/cloud/spring-cloud-starter-netflix-ribbon/2.1.1.RELEASE/spring-cloud-starter-netflix-ribbon-2.1.1.RELEASE.jar:/home/ghjun/Maven/org/springframework/cloud/spring-cloud-starter/2.1.1.RELEASE/spring-cloud-starter-2.1.1.RELEASE.jar:/home/ghjun/Maven/org/springframework/security/spring-security-rsa/1.0.7.RELEASE/spring-security-rsa-1.0.7.RELEASE.jar:/home/ghjun/Maven/org/bouncycastle/bcpkix-jdk15on/1.60/bcpkix-jdk15on-1.60.jar:/home/ghjun/Maven/org/bouncycastle/bcprov-jdk15on/1.60/bcprov-jdk15on-1.60.jar:/home/ghjun/Maven/org/springframework/cloud/spring-cloud-netflix-ribbon/2.1.1.RELEASE/spring-cloud-netflix-ribbon-2.1.1.RELEASE.jar:/home/ghjun/Maven/org/springframework/cloud/spring-cloud-netflix-archaius/2.1.1.RELEASE/spring-cloud-netflix-archaius-2.1.1.RELEASE.jar:/home/ghjun/Maven/org/springframework/cloud/spring-cloud-starter-netflix-archaius/2.1.1.RELEASE/spring-cloud-starter-netflix-archaius-2.1.1.RELEASE.jar:/home/ghjun/Maven/com/netflix/archaius/archaius-core/0.7.6/archaius-core-0.7.6.jar:/home/ghjun/Maven/com/google/code/findbugs/jsr305/3.0.1/jsr305-3.0.1.jar:/home/ghjun/Maven/com/netflix/ribbon/ribbon/2.3.0/ribbon-2.3.0.jar:/home/ghjun/Maven/com/netflix/ribbon/ribbon-transport/2.3.0/ribbon-transport-2.3.0.jar:/home/ghjun/Maven/io/reactivex/rxnetty-contexts/0.4.9/rxnetty-contexts-0.4.9.jar:/home/ghjun/Maven/io/reactivex/rxnetty-servo/0.4.9/rxnetty-servo-0.4.9.jar:/home/ghjun/Maven/com/netflix/hystrix/hystrix-core/1.5.18/hystrix-core-1.5.18.jar:/home/ghjun/Maven/javax/inject/javax.inject/1/javax.inject-1.jar:/home/ghjun/Maven/io/reactivex/rxnetty/0.4.9/rxnetty-0.4.9.jar:/home/ghjun/Maven/com/google/guava/guava/16.0.1/guava-16.0.1.jar:/home/ghjun/Maven/com/netflix/ribbon/ribbon-core/2.3.0/ribbon-core-2.3.0.jar:/home/ghjun/Maven/com/netflix/ribbon/ribbon-httpclient/2.3.0/ribbon-httpclient-2.3.0.jar:/home/ghjun/Maven/commons-collections/commons-collections/3.2.2/commons-collections-3.2.2.jar:/home/ghjun/Maven/com/sun/jersey/jersey-client/1.19.1/jersey-client-1.19.1.jar:/home/ghjun/Maven/com/sun/jersey/jersey-core/1.19.1/jersey-core-1.19.1.jar:/home/ghjun/Maven/javax/ws/rs/jsr311-api/1.1.1/jsr311-api-1.1.1.jar:/home/ghjun/Maven/com/sun/jersey/contribs/jersey-apache-client4/1.19.1/jersey-apache-client4-1.19.1.jar:/home/ghjun/Maven/com/netflix/servo/servo-core/0.12.21/servo-core-0.12.21.jar:/home/ghjun/Maven/com/netflix/netflix-commons/netflix-commons-util/0.3.0/netflix-commons-util-0.3.0.jar:/home/ghjun/Maven/com/netflix/ribbon/ribbon-loadbalancer/2.3.0/ribbon-loadbalancer-2.3.0.jar:/home/ghjun/Maven/com/netflix/netflix-commons/netflix-statistics/0.1.1/netflix-statistics-0.1.1.jar:/home/ghjun/Maven/io/reactivex/rxjava/1.3.8/rxjava-1.3.8.jar:/home/ghjun/Maven/joda-time/joda-time/2.10.2/joda-time-2.10.2.jar:/home/ghjun/Maven/org/springframework/boot/spring-boot-starter-web/2.1.5.RELEASE/spring-boot-starter-web-2.1.5.RELEASE.jar:/home/ghjun/Maven/org/springframework/boot/spring-boot-starter-json/2.1.5.RELEASE/spring-boot-starter-json-2.1.5.RELEASE.jar:/home/ghjun/Maven/com/fasterxml/jackson/datatype/jackson-datatype-jdk8/2.9.8/jackson-datatype-jdk8-2.9.8.jar:/home/ghjun/Maven/com/fasterxml/jackson/module/jackson-module-parameter-names/2.9.8/jackson-module-parameter-names-2.9.8.jar:/home/ghjun/Maven/org/springframework/boot/spring-boot-starter-tomcat/2.1.5.RELEASE/spring-boot-starter-tomcat-2.1.5.RELEASE.jar:/home/ghjun/Maven/org/apache/tomcat/embed/tomcat-embed-core/9.0.19/tomcat-embed-core-9.0.19.jar:/home/ghjun/Maven/org/apache/tomcat/embed/tomcat-embed-el/9.0.19/tomcat-embed-el-9.0.19.jar:/home/ghjun/Maven/org/apache/tomcat/embed/tomcat-embed-websocket/9.0.19/tomcat-embed-websocket-9.0.19.jar:/home/ghjun/Maven/org/hibernate/validator/hibernate-validator/6.0.16.Final/hibernate-validator-6.0.16.Final.jar:/home/ghjun/Maven/javax/validation/validation-api/2.0.1.Final/validation-api-2.0.1.Final.jar:/home/ghjun/Maven/org/jboss/logging/jboss-logging/3.3.2.Final/jboss-logging-3.3.2.Final.jar:/home/ghjun/Maven/com/fasterxml/classmate/1.4.0/classmate-1.4.0.jar:/home/ghjun/Maven/org/springframework/spring-web/5.1.7.RELEASE/spring-web-5.1.7.RELEASE.jar:/home/ghjun/Maven/org/springframework/spring-beans/5.1.7.RELEASE/spring-beans-5.1.7.RELEASE.jar:/home/ghjun/Maven/org/springframework/spring-webmvc/5.1.7.RELEASE/spring-webmvc-5.1.7.RELEASE.jar:/home/ghjun/Maven/org/springframework/spring-aop/5.1.7.RELEASE/spring-aop-5.1.7.RELEASE.jar:/home/ghjun/Maven/org/springframework/spring-expression/5.1.7.RELEASE/spring-expression-5.1.7.RELEASE.jar:/home/ghjun/Maven/org/springframework/boot/spring-boot-starter-test/2.1.5.RELEASE/spring-boot-starter-test-2.1.5.RELEASE.jar:/home/ghjun/Maven/org/springframework/boot/spring-boot-test/2.1.5.RELEASE/spring-boot-test-2.1.5.RELEASE.jar:/home/ghjun/Maven/org/springframework/boot/spring-boot-test-autoconfigure/2.1.5.RELEASE/spring-boot-test-autoconfigure-2.1.5.RELEASE.jar:/home/ghjun/Maven/com/jayway/jsonpath/json-path/2.4.0/json-path-2.4.0.jar:/home/ghjun/Maven/net/minidev/json-smart/2.3/json-smart-2.3.jar:/home/ghjun/Maven/net/minidev/accessors-smart/1.2/accessors-smart-1.2.jar:/home/ghjun/Maven/org/ow2/asm/asm/5.0.4/asm-5.0.4.jar:/home/ghjun/Maven/org/slf4j/slf4j-api/1.7.26/slf4j-api-1.7.26.jar:/home/ghjun/Maven/org/assertj/assertj-core/3.11.1/assertj-core-3.11.1.jar:/home/ghjun/Maven/org/mockito/mockito-core/2.23.4/mockito-core-2.23.4.jar:/home/ghjun/Maven/net/bytebuddy/byte-buddy/1.9.12/byte-buddy-1.9.12.jar:/home/ghjun/Maven/net/bytebuddy/byte-buddy-agent/1.9.12/byte-buddy-agent-1.9.12.jar:/home/ghjun/Maven/org/objenesis/objenesis/2.6/objenesis-2.6.jar:/home/ghjun/Maven/org/hamcrest/hamcrest-core/1.3/hamcrest-core-1.3.jar:/home/ghjun/Maven/org/hamcrest/hamcrest-library/1.3/hamcrest-library-1.3.jar:/home/ghjun/Maven/org/skyscreamer/jsonassert/1.5.0/jsonassert-1.5.0.jar:/home/ghjun/Maven/com/vaadin/external/google/android-json/0.0.20131108.vaadin1/android-json-0.0.20131108.vaadin1.jar:/home/ghjun/Maven/org/springframework/spring-core/5.1.7.RELEASE/spring-core-5.1.7.RELEASE.jar:/home/ghjun/Maven/org/springframework/spring-jcl/5.1.7.RELEASE/spring-jcl-5.1.7.RELEASE.jar:/home/ghjun/Maven/org/springframework/spring-test/5.1.7.RELEASE/spring-test-5.1.7.RELEASE.jar:/home/ghjun/Maven/org/xmlunit/xmlunit-core/2.6.2/xmlunit-core-2.6.2.jar:/home/ghjun/Maven/junit/junit/4.12/junit-4.12.jar:"/>
    <property name="sun.cpu.endian" value="little"/>
    <property name="user.home" value="/home/ghjun"/>
    <property name="user.language" value="zh"/>
    <property name="java.specification.vendor" value="Oracle Corporation"/>
    <property name="java.home" value="/usr/java/jdk1.8.0_201/jre"/>
    <property name="basedir" value="/home/ghjun/code/clouddemo/spring-cloud-consul-producer"/>
    <property name="file.separator" value="/"/>
    <property name="line.separator" value="&#10;"/>
    <property name="java.vm.specification.vendor" value="Oracle Corporation"/>
    <property name="java.specification.name" value="Java Platform API Specification"/>
    <property name="java.awt.graphicsenv" value="sun.awt.X11GraphicsEnvironment"/>
    <property name="surefire.real.class.path" value="/home/ghjun/code/clouddemo/spring-cloud-consul-producer/target/surefire/surefirebooter4079356922744946821.jar"/>
    <property name="sun.boot.class.path" value="/usr/java/jdk1.8.0_201/jre/lib/resources.jar:/usr/java/jdk1.8.0_201/jre/lib/rt.jar:/usr/java/jdk1.8.0_201/jre/lib/sunrsasign.jar:/usr/java/jdk1.8.0_201/jre/lib/jsse.jar:/usr/java/jdk1.8.0_201/jre/lib/jce.jar:/usr/java/jdk1.8.0_201/jre/lib/charsets.jar:/usr/java/jdk1.8.0_201/jre/lib/jfr.jar:/usr/java/jdk1.8.0_201/jre/classes"/>
    <property name="sun.management.compiler" value="HotSpot 64-Bit Tiered Compilers"/>
    <property name="java.runtime.version" value="1.8.0_201-b09"/>
    <property name="user.name" value="ghjun"/>
    <property name="path.separator" value=":"/>
    <property name="os.version" value="4.18.0-17-generic"/>
    <property name="java.endorsed.dirs" value="/usr/java/jdk1.8.0_201/jre/lib/endorsed"/>
    <property name="java.runtime.name" value="Java(TM) SE Runtime Environment"/>
    <property name="file.encoding" value="UTF-8"/>
    <property name="java.vm.name" value="Java HotSpot(TM) 64-Bit Server VM"/>
    <property name="localRepository" value="/home/ghjun/Maven"/>
    <property name="java.vendor.url.bug" value="http://bugreport.sun.com/bugreport/"/>
    <property name="java.io.tmpdir" value="/tmp"/>
    <property name="idea.version" value="2018.2.7"/>
    <property name="java.version" value="1.8.0_201"/>
    <property name="user.dir" value="/home/ghjun/code/clouddemo/spring-cloud-consul-producer"/>
    <property name="os.arch" value="amd64"/>
    <property name="java.vm.specification.name" value="Java Virtual Machine Specification"/>
    <property name="java.awt.printerjob" value="sun.print.PSPrinterJob"/>
    <property name="sun.os.patch.level" value="unknown"/>
    <property name="java.library.path" value="/usr/java/packages/lib/amd64:/usr/lib64:/lib64:/lib:/usr/lib"/>
    <property name="java.vm.info" value="mixed mode"/>
    <property name="java.vendor" value="Oracle Corporation"/>
    <property name="java.vm.version" value="25.201-b09"/>
    <property name="java.ext.dirs" value="/usr/java/jdk1.8.0_201/jre/lib/ext:/usr/java/packages/lib/ext"/>
    <property name="sun.io.unicode.encoding" value="UnicodeLittle"/>
    <property name="java.class.version" value="52.0"/>
  </properties>
  <testcase name="shouldAnswerWithTrue" classname="com.ghjun.AppTest" time="0.001"/>
</testsuite>